<?xml version="1.0" encoding="UTF-8"?>
<testsuite xmlns:xsi="http://www.w3.org/2001/XMLSchema-instance" xsi:noNamespaceSchemaLocation="https://maven.apache.org/surefire/maven-surefire-plugin/xsd/surefire-test-report.xsd" name="org.domainname.PropertyTest" time="0.068" tests="4" errors="0" skipped="0" failures="0">
  <properties>
    <property name="java.specification.version" value="18"/>
    <property name="sun.cpu.isalist" value="amd64"/>
    <property name="sun.jnu.encoding" value="Cp1252"/>
    <property name="java.class.path" value="D:\Java\code\eclipse_workspace\AptMgrSpring\ApartmentManagerSpring\target\test-classes;D:\Java\code\eclipse_workspace\AptMgrSpring\ApartmentManagerSpring\target\classes;C:\Users\usr\.m2\repository\org\springframework\spring-core\4.3.30.RELEASE\spring-core-4.3.30.RELEASE.jar;C:\Users\usr\.m2\repository\commons-logging\commons-logging\1.2\commons-logging-1.2.jar;C:\Users\usr\.m2\repository\org\springframework\spring-web\4.3.30.RELEASE\spring-web-4.3.30.RELEASE.jar;C:\Users\usr\.m2\repository\org\springframework\spring-webmvc\4.3.30.RELEASE\spring-webmvc-4.3.30.RELEASE.jar;C:\Users\usr\.m2\repository\org\springframework\spring-context\4.3.30.RELEASE\spring-context-4.3.30.RELEASE.jar;C:\Users\usr\.m2\repository\javax\servlet\servlet-api\3.0-alpha-1\servlet-api-3.0-alpha-1.jar;C:\Users\usr\.m2\repository\javax\servlet\jstl\1.2\jstl-1.2.jar;C:\Users\usr\.m2\repository\org\thymeleaf\thymeleaf\3.0.11.RELEASE\thymeleaf-3.0.11.RELEASE.jar;C:\Users\usr\.m2\repository\ognl\ognl\3.1.12\ognl-3.1.12.jar;C:\Users\usr\.m2\repository\org\attoparser\attoparser\2.0.5.RELEASE\attoparser-2.0.5.RELEASE.jar;C:\Users\usr\.m2\repository\org\unbescape\unbescape\1.1.6.RELEASE\unbescape-1.1.6.RELEASE.jar;C:\Users\usr\.m2\repository\org\slf4j\slf4j-api\1.7.25\slf4j-api-1.7.25.jar;C:\Users\usr\.m2\repository\org\thymeleaf\thymeleaf-spring4\3.0.11.RELEASE\thymeleaf-spring4-3.0.11.RELEASE.jar;C:\Users\usr\.m2\repository\org\apache\commons\commons-lang3\3.12.0\commons-lang3-3.12.0.jar;C:\Users\usr\.m2\repository\javax\validation\validation-api\2.0.1.Final\validation-api-2.0.1.Final.jar;C:\Users\usr\.m2\repository\org\springframework\security\spring-security-config\4.2.20.RELEASE\spring-security-config-4.2.20.RELEASE.jar;C:\Users\usr\.m2\repository\aopalliance\aopalliance\1.0\aopalliance-1.0.jar;C:\Users\usr\.m2\repository\org\springframework\security\spring-security-web\4.2.20.RELEASE\spring-security-web-4.2.20.RELEASE.jar;C:\Users\usr\.m2\repository\org\springframework\security\spring-security-core\4.2.20.RELEASE\spring-security-core-4.2.20.RELEASE.jar;C:\Users\usr\.m2\repository\org\thymeleaf\extras\thymeleaf-extras-springsecurity4\3.0.4.RELEASE\thymeleaf-extras-springsecurity4-3.0.4.RELEASE.jar;C:\Users\usr\.m2\repository\org\springframework\data\spring-data-jpa\1.11.23.RELEASE\spring-data-jpa-1.11.23.RELEASE.jar;C:\Users\usr\.m2\repository\javax\persistence\javax.persistence-api\2.2\javax.persistence-api-2.2.jar;C:\Users\usr\.m2\repository\org\postgresql\postgresql\42.6.0\postgresql-42.6.0.jar;C:\Users\usr\.m2\repository\org\checkerframework\checker-qual\3.31.0\checker-qual-3.31.0.jar;C:\Users\usr\.m2\repository\org\springframework\spring-aop\4.3.30.RELEASE\spring-aop-4.3.30.RELEASE.jar;C:\Users\usr\.m2\repository\org\springframework\spring-beans\4.3.30.RELEASE\spring-beans-4.3.30.RELEASE.jar;C:\Users\usr\.m2\repository\org\springframework\spring-expression\4.3.30.RELEASE\spring-expression-4.3.30.RELEASE.jar;C:\Users\usr\.m2\repository\org\springframework\spring-test\4.3.30.RELEASE\spring-test-4.3.30.RELEASE.jar;C:\Users\usr\.m2\repository\org\springframework\spring-orm\4.3.30.RELEASE\spring-orm-4.3.30.RELEASE.jar;C:\Users\usr\.m2\repository\org\springframework\spring-tx\4.3.30.RELEASE\spring-tx-4.3.30.RELEASE.jar;C:\Users\usr\.m2\repository\org\springframework\data\spring-data-commons\1.13.23.RELEASE\spring-data-commons-1.13.23.RELEASE.jar;C:\Users\usr\.m2\repository\org\springframework\data\spring-data-commons-core\1.4.1.RELEASE\spring-data-commons-core-1.4.1.RELEASE.jar;C:\Users\usr\.m2\repository\javax\transaction\jta\1.1\jta-1.1.jar;C:\Users\usr\.m2\repository\javax\transaction\javax.transaction-api\1.3\javax.transaction-api-1.3.jar;C:\Users\usr\.m2\repository\org\hibernate\hibernate-core\5.0.12.Final\hibernate-core-5.0.12.Final.jar;C:\Users\usr\.m2\repository\org\jboss\logging\jboss-logging\3.3.0.Final\jboss-logging-3.3.0.Final.jar;C:\Users\usr\.m2\repository\org\hibernate\javax\persistence\hibernate-jpa-2.1-api\1.0.0.Final\hibernate-jpa-2.1-api-1.0.0.Final.jar;C:\Users\usr\.m2\repository\org\javassist\javassist\3.18.1-GA\javassist-3.18.1-GA.jar;C:\Users\usr\.m2\repository\antlr\antlr\2.7.7\antlr-2.7.7.jar;C:\Users\usr\.m2\repository\org\apache\geronimo\specs\geronimo-jta_1.1_spec\1.1.1\geronimo-jta_1.1_spec-1.1.1.jar;C:\Users\usr\.m2\repository\org\jboss\jandex\2.0.0.Final\jandex-2.0.0.Final.jar;C:\Users\usr\.m2\repository\dom4j\dom4j\1.6.1\dom4j-1.6.1.jar;C:\Users\usr\.m2\repository\xml-apis\xml-apis\1.0.b2\xml-apis-1.0.b2.jar;C:\Users\usr\.m2\repository\org\hibernate\common\hibernate-commons-annotations\5.0.1.Final\hibernate-commons-annotations-5.0.1.Final.jar;C:\Users\usr\.m2\repository\org\hibernate\hibernate-entitymanager\5.0.12.Final\hibernate-entitymanager-5.0.12.Final.jar;C:\Users\usr\.m2\repository\org\springframework\spring-aspects\4.3.30.RELEASE\spring-aspects-4.3.30.RELEASE.jar;C:\Users\usr\.m2\repository\org\aspectj\aspectjweaver\1.8.14\aspectjweaver-1.8.14.jar;C:\Users\usr\.m2\repository\org\apache\tomcat\tomcat-jdbc\8.5.43\tomcat-jdbc-8.5.43.jar;C:\Users\usr\.m2\repository\org\apache\tomcat\tomcat-juli\8.5.43\tomcat-juli-8.5.43.jar;C:\Users\usr\.m2\repository\org\springframework\spring-jdbc\4.3.30.RELEASE\spring-jdbc-4.3.30.RELEASE.jar;C:\Users\usr\.m2\repository\org\aspectj\aspectjrt\1.8.13\aspectjrt-1.8.13.jar;C:\Users\usr\.m2\repository\com\querydsl\querydsl-apt\4.1.4\querydsl-apt-4.1.4.jar;C:\Users\usr\.m2\repository\com\querydsl\querydsl-codegen\4.1.4\querydsl-codegen-4.1.4.jar;C:\Users\usr\.m2\repository\com\querydsl\querydsl-core\4.1.4\querydsl-core-4.1.4.jar;C:\Users\usr\.m2\repository\com\google\guava\guava\18.0\guava-18.0.jar;C:\Users\usr\.m2\repository\com\google\code\findbugs\jsr305\1.3.9\jsr305-1.3.9.jar;C:\Users\usr\.m2\repository\com\mysema\commons\mysema-commons-lang\0.2.4\mysema-commons-lang-0.2.4.jar;C:\Users\usr\.m2\repository\com\infradna\tool\bridge-method-annotation\1.13\bridge-method-annotation-1.13.jar;C:\Users\usr\.m2\repository\com\mysema\codegen\codegen\0.6.8\codegen-0.6.8.jar;C:\Users\usr\.m2\repository\org\eclipse\jdt\core\compiler\ecj\4.3.1\ecj-4.3.1.jar;C:\Users\usr\.m2\repository\javax\inject\javax.inject\1\javax.inject-1.jar;C:\Users\usr\.m2\repository\org\reflections\reflections\0.9.9\reflections-0.9.9.jar;C:\Users\usr\.m2\repository\com\google\code\findbugs\annotations\2.0.1\annotations-2.0.1.jar;C:\Users\usr\.m2\repository\javax\jdo\jdo-api\3.0.1\jdo-api-3.0.1.jar;C:\Users\usr\.m2\repository\org\springframework\spring-instrument\4.3.30.RELEASE\spring-instrument-4.3.30.RELEASE.jar;C:\Users\usr\.m2\repository\javax\xml\bind\jaxb-api\2.3.1\jaxb-api-2.3.1.jar;C:\Users\usr\.m2\repository\javax\activation\javax.activation-api\1.2.0\javax.activation-api-1.2.0.jar;C:\Users\usr\.m2\repository\javax\annotation\javax.annotation-api\1.3.2\javax.annotation-api-1.3.2.jar;C:\Users\usr\.m2\repository\commons-io\commons-io\2.5\commons-io-2.5.jar;C:\Users\usr\.m2\repository\org\slf4j\jcl-over-slf4j\1.7.21\jcl-over-slf4j-1.7.21.jar;C:\Users\usr\.m2\repository\ch\qos\logback\logback-classic\1.1.7\logback-classic-1.1.7.jar;C:\Users\usr\.m2\repository\ch\qos\logback\logback-core\1.1.7\logback-core-1.1.7.jar;C:\Users\usr\.m2\repository\commons-fileupload\commons-fileupload\1.3.2\commons-fileupload-1.3.2.jar;C:\Users\usr\.m2\repository\org\springframework\boot\spring-boot-starter-test\1.5.22.RELEASE\spring-boot-starter-test-1.5.22.RELEASE.jar;C:\Users\usr\.m2\repository\org\springframework\boot\spring-boot-test\1.5.22.RELEASE\spring-boot-test-1.5.22.RELEASE.jar;C:\Users\usr\.m2\repository\org\springframework\boot\spring-boot\1.5.22.RELEASE\spring-boot-1.5.22.RELEASE.jar;C:\Users\usr\.m2\repository\org\springframework\boot\spring-boot-test-autoconfigure\1.5.22.RELEASE\spring-boot-test-autoconfigure-1.5.22.RELEASE.jar;C:\Users\usr\.m2\repository\org\springframework\boot\spring-boot-autoconfigure\1.5.22.RELEASE\spring-boot-autoconfigure-1.5.22.RELEASE.jar;C:\Users\usr\.m2\repository\com\jayway\jsonpath\json-path\2.2.0\json-path-2.2.0.jar;C:\Users\usr\.m2\repository\net\minidev\json-smart\2.2.1\json-smart-2.2.1.jar;C:\Users\usr\.m2\repository\net\minidev\accessors-smart\1.1\accessors-smart-1.1.jar;C:\Users\usr\.m2\repository\org\ow2\asm\asm\5.0.3\asm-5.0.3.jar;C:\Users\usr\.m2\repository\junit\junit\4.12\junit-4.12.jar;C:\Users\usr\.m2\repository\org\assertj\assertj-core\2.6.0\assertj-core-2.6.0.jar;C:\Users\usr\.m2\repository\org\mockito\mockito-core\1.10.19\mockito-core-1.10.19.jar;C:\Users\usr\.m2\repository\org\objenesis\objenesis\2.1\objenesis-2.1.jar;C:\Users\usr\.m2\repository\org\hamcrest\hamcrest-core\1.3\hamcrest-core-1.3.jar;C:\Users\usr\.m2\repository\org\hamcrest\hamcrest-library\1.3\hamcrest-library-1.3.jar;C:\Users\usr\.m2\repository\org\skyscreamer\jsonassert\1.4.0\jsonassert-1.4.0.jar;C:\Users\usr\.m2\repository\com\vaadin\external\google\android-json\0.0.20131108.vaadin1\android-json-0.0.20131108.vaadin1.jar;"/>
    <property name="java.vm.vendor" value="Oracle Corporation"/>
    <property name="sun.arch.data.model" value="64"/>
    <property name="user.variant" value=""/>
    <property name="java.vendor.url" value="https://java.oracle.com/"/>
    <property name="user.timezone" value="Europe/Moscow"/>
    <property name="os.name" value="Windows 10"/>
    <property name="java.vm.specification.version" value="18"/>
    <property name="sun.java.launcher" value="SUN_STANDARD"/>
    <property name="user.country" value="US"/>
    <property name="sun.boot.library.path" value="C:\Program Files\Java\jdk-18.0.1.1\bin"/>
    <property name="sun.java.command" value="C:\Users\usr\AppData\Local\Temp\surefire17924294567263714533\surefirebooter16039234638939471886.jar C:\Users\usr\AppData\Local\Temp\surefire17924294567263714533 2023-08-03T00-02-37_190-jvmRun1 surefire13457653457675019687tmp surefire_010243778111035760416tmp"/>
    <property name="jdk.debug" value="release"/>
    <property name="surefire.test.class.path" value="D:\Java\code\eclipse_workspace\AptMgrSpring\ApartmentManagerSpring\target\test-classes;D:\Java\code\eclipse_workspace\AptMgrSpring\ApartmentManagerSpring\target\classes;C:\Users\usr\.m2\repository\org\springframework\spring-core\4.3.30.RELEASE\spring-core-4.3.30.RELEASE.jar;C:\Users\usr\.m2\repository\commons-logging\commons-logging\1.2\commons-logging-1.2.jar;C:\Users\usr\.m2\repository\org\springframework\spring-web\4.3.30.RELEASE\spring-web-4.3.30.RELEASE.jar;C:\Users\usr\.m2\repository\org\springframework\spring-webmvc\4.3.30.RELEASE\spring-webmvc-4.3.30.RELEASE.jar;C:\Users\usr\.m2\repository\org\springframework\spring-context\4.3.30.RELEASE\spring-context-4.3.30.RELEASE.jar;C:\Users\usr\.m2\repository\javax\servlet\servlet-api\3.0-alpha-1\servlet-api-3.0-alpha-1.jar;C:\Users\usr\.m2\repository\javax\servlet\jstl\1.2\jstl-1.2.jar;C:\Users\usr\.m2\repository\org\thymeleaf\thymeleaf\3.0.11.RELEASE\thymeleaf-3.0.11.RELEASE.jar;C:\Users\usr\.m2\repository\ognl\ognl\3.1.12\ognl-3.1.12.jar;C:\Users\usr\.m2\repository\org\attoparser\attoparser\2.0.5.RELEASE\attoparser-2.0.5.RELEASE.jar;C:\Users\usr\.m2\repository\org\unbescape\unbescape\1.1.6.RELEASE\unbescape-1.1.6.RELEASE.jar;C:\Users\usr\.m2\repository\org\slf4j\slf4j-api\1.7.25\slf4j-api-1.7.25.jar;C:\Users\usr\.m2\repository\org\thymeleaf\thymeleaf-spring4\3.0.11.RELEASE\thymeleaf-spring4-3.0.11.RELEASE.jar;C:\Users\usr\.m2\repository\org\apache\commons\commons-lang3\3.12.0\commons-lang3-3.12.0.jar;C:\Users\usr\.m2\repository\javax\validation\validation-api\2.0.1.Final\validation-api-2.0.1.Final.jar;C:\Users\usr\.m2\repository\org\springframework\security\spring-security-config\4.2.20.RELEASE\spring-security-config-4.2.20.RELEASE.jar;C:\Users\usr\.m2\repository\aopalliance\aopalliance\1.0\aopalliance-1.0.jar;C:\Users\usr\.m2\repository\org\springframework\security\spring-security-web\4.2.20.RELEASE\spring-security-web-4.2.20.RELEASE.jar;C:\Users\usr\.m2\repository\org\springframework\security\spring-security-core\4.2.20.RELEASE\spring-security-core-4.2.20.RELEASE.jar;C:\Users\usr\.m2\repository\org\thymeleaf\extras\thymeleaf-extras-springsecurity4\3.0.4.RELEASE\thymeleaf-extras-springsecurity4-3.0.4.RELEASE.jar;C:\Users\usr\.m2\repository\org\springframework\data\spring-data-jpa\1.11.23.RELEASE\spring-data-jpa-1.11.23.RELEASE.jar;C:\Users\usr\.m2\repository\javax\persistence\javax.persistence-api\2.2\javax.persistence-api-2.2.jar;C:\Users\usr\.m2\repository\org\postgresql\postgresql\42.6.0\postgresql-42.6.0.jar;C:\Users\usr\.m2\repository\org\checkerframework\checker-qual\3.31.0\checker-qual-3.31.0.jar;C:\Users\usr\.m2\repository\org\springframework\spring-aop\4.3.30.RELEASE\spring-aop-4.3.30.RELEASE.jar;C:\Users\usr\.m2\repository\org\springframework\spring-beans\4.3.30.RELEASE\spring-beans-4.3.30.RELEASE.jar;C:\Users\usr\.m2\repository\org\springframework\spring-expression\4.3.30.RELEASE\spring-expression-4.3.30.RELEASE.jar;C:\Users\usr\.m2\repository\org\springframework\spring-test\4.3.30.RELEASE\spring-test-4.3.30.RELEASE.jar;C:\Users\usr\.m2\repository\org\springframework\spring-orm\4.3.30.RELEASE\spring-orm-4.3.30.RELEASE.jar;C:\Users\usr\.m2\repository\org\springframework\spring-tx\4.3.30.RELEASE\spring-tx-4.3.30.RELEASE.jar;C:\Users\usr\.m2\repository\org\springframework\data\spring-data-commons\1.13.23.RELEASE\spring-data-commons-1.13.23.RELEASE.jar;C:\Users\usr\.m2\repository\org\springframework\data\spring-data-commons-core\1.4.1.RELEASE\spring-data-commons-core-1.4.1.RELEASE.jar;C:\Users\usr\.m2\repository\javax\transaction\jta\1.1\jta-1.1.jar;C:\Users\usr\.m2\repository\javax\transaction\javax.transaction-api\1.3\javax.transaction-api-1.3.jar;C:\Users\usr\.m2\repository\org\hibernate\hibernate-core\5.0.12.Final\hibernate-core-5.0.12.Final.jar;C:\Users\usr\.m2\repository\org\jboss\logging\jboss-logging\3.3.0.Final\jboss-logging-3.3.0.Final.jar;C:\Users\usr\.m2\repository\org\hibernate\javax\persistence\hibernate-jpa-2.1-api\1.0.0.Final\hibernate-jpa-2.1-api-1.0.0.Final.jar;C:\Users\usr\.m2\repository\org\javassist\javassist\3.18.1-GA\javassist-3.18.1-GA.jar;C:\Users\usr\.m2\repository\antlr\antlr\2.7.7\antlr-2.7.7.jar;C:\Users\usr\.m2\repository\org\apache\geronimo\specs\geronimo-jta_1.1_spec\1.1.1\geronimo-jta_1.1_spec-1.1.1.jar;C:\Users\usr\.m2\repository\org\jboss\jandex\2.0.0.Final\jandex-2.0.0.Final.jar;C:\Users\usr\.m2\repository\dom4j\dom4j\1.6.1\dom4j-1.6.1.jar;C:\Users\usr\.m2\repository\xml-apis\xml-apis\1.0.b2\xml-apis-1.0.b2.jar;C:\Users\usr\.m2\repository\org\hibernate\common\hibernate-commons-annotations\5.0.1.Final\hibernate-commons-annotations-5.0.1.Final.jar;C:\Users\usr\.m2\repository\org\hibernate\hibernate-entitymanager\5.0.12.Final\hibernate-entitymanager-5.0.12.Final.jar;C:\Users\usr\.m2\repository\org\springframework\spring-aspects\4.3.30.RELEASE\spring-aspects-4.3.30.RELEASE.jar;C:\Users\usr\.m2\repository\org\aspectj\aspectjweaver\1.8.14\aspectjweaver-1.8.14.jar;C:\Users\usr\.m2\repository\org\apache\tomcat\tomcat-jdbc\8.5.43\tomcat-jdbc-8.5.43.jar;C:\Users\usr\.m2\repository\org\apache\tomcat\tomcat-juli\8.5.43\tomcat-juli-8.5.43.jar;C:\Users\usr\.m2\repository\org\springframework\spring-jdbc\4.3.30.RELEASE\spring-jdbc-4.3.30.RELEASE.jar;C:\Users\usr\.m2\repository\org\aspectj\aspectjrt\1.8.13\aspectjrt-1.8.13.jar;C:\Users\usr\.m2\repository\com\querydsl\querydsl-apt\4.1.4\querydsl-apt-4.1.4.jar;C:\Users\usr\.m2\repository\com\querydsl\querydsl-codegen\4.1.4\querydsl-codegen-4.1.4.jar;C:\Users\usr\.m2\repository\com\querydsl\querydsl-core\4.1.4\querydsl-core-4.1.4.jar;C:\Users\usr\.m2\repository\com\google\guava\guava\18.0\guava-18.0.jar;C:\Users\usr\.m2\repository\com\google\code\findbugs\jsr305\1.3.9\jsr305-1.3.9.jar;C:\Users\usr\.m2\repository\com\mysema\commons\mysema-commons-lang\0.2.4\mysema-commons-lang-0.2.4.jar;C:\Users\usr\.m2\repository\com\infradna\tool\bridge-method-annotation\1.13\bridge-method-annotation-1.13.jar;C:\Users\usr\.m2\repository\com\mysema\codegen\codegen\0.6.8\codegen-0.6.8.jar;C:\Users\usr\.m2\repository\org\eclipse\jdt\core\compiler\ecj\4.3.1\ecj-4.3.1.jar;C:\Users\usr\.m2\repository\javax\inject\javax.inject\1\javax.inject-1.jar;C:\Users\usr\.m2\repository\org\reflections\reflections\0.9.9\reflections-0.9.9.jar;C:\Users\usr\.m2\repository\com\google\code\findbugs\annotations\2.0.1\annotations-2.0.1.jar;C:\Users\usr\.m2\repository\javax\jdo\jdo-api\3.0.1\jdo-api-3.0.1.jar;C:\Users\usr\.m2\repository\org\springframework\spring-instrument\4.3.30.RELEASE\spring-instrument-4.3.30.RELEASE.jar;C:\Users\usr\.m2\repository\javax\xml\bind\jaxb-api\2.3.1\jaxb-api-2.3.1.jar;C:\Users\usr\.m2\repository\javax\activation\javax.activation-api\1.2.0\javax.activation-api-1.2.0.jar;C:\Users\usr\.m2\repository\javax\annotation\javax.annotation-api\1.3.2\javax.annotation-api-1.3.2.jar;C:\Users\usr\.m2\repository\commons-io\commons-io\2.5\commons-io-2.5.jar;C:\Users\usr\.m2\repository\org\slf4j\jcl-over-slf4j\1.7.21\jcl-over-slf4j-1.7.21.jar;C:\Users\usr\.m2\repository\ch\qos\logback\logback-classic\1.1.7\logback-classic-1.1.7.jar;C:\Users\usr\.m2\repository\ch\qos\logback\logback-core\1.1.7\logback-core-1.1.7.jar;C:\Users\usr\.m2\repository\commons-fileupload\commons-fileupload\1.3.2\commons-fileupload-1.3.2.jar;C:\Users\usr\.m2\repository\org\springframework\boot\spring-boot-starter-test\1.5.22.RELEASE\spring-boot-starter-test-1.5.22.RELEASE.jar;C:\Users\usr\.m2\repository\org\springframework\boot\spring-boot-test\1.5.22.RELEASE\spring-boot-test-1.5.22.RELEASE.jar;C:\Users\usr\.m2\repository\org\springframework\boot\spring-boot\1.5.22.RELEASE\spring-boot-1.5.22.RELEASE.jar;C:\Users\usr\.m2\repository\org\springframework\boot\spring-boot-test-autoconfigure\1.5.22.RELEASE\spring-boot-test-autoconfigure-1.5.22.RELEASE.jar;C:\Users\usr\.m2\repository\org\springframework\boot\spring-boot-autoconfigure\1.5.22.RELEASE\spring-boot-autoconfigure-1.5.22.RELEASE.jar;C:\Users\usr\.m2\repository\com\jayway\jsonpath\json-path\2.2.0\json-path-2.2.0.jar;C:\Users\usr\.m2\repository\net\minidev\json-smart\2.2.1\json-smart-2.2.1.jar;C:\Users\usr\.m2\repository\net\minidev\accessors-smart\1.1\accessors-smart-1.1.jar;C:\Users\usr\.m2\repository\org\ow2\asm\asm\5.0.3\asm-5.0.3.jar;C:\Users\usr\.m2\repository\junit\junit\4.12\junit-4.12.jar;C:\Users\usr\.m2\repository\org\assertj\assertj-core\2.6.0\assertj-core-2.6.0.jar;C:\Users\usr\.m2\repository\org\mockito\mockito-core\1.10.19\mockito-core-1.10.19.jar;C:\Users\usr\.m2\repository\org\objenesis\objenesis\2.1\objenesis-2.1.jar;C:\Users\usr\.m2\repository\org\hamcrest\hamcrest-core\1.3\hamcrest-core-1.3.jar;C:\Users\usr\.m2\repository\org\hamcrest\hamcrest-library\1.3\hamcrest-library-1.3.jar;C:\Users\usr\.m2\repository\org\skyscreamer\jsonassert\1.4.0\jsonassert-1.4.0.jar;C:\Users\usr\.m2\repository\com\vaadin\external\google\android-json\0.0.20131108.vaadin1\android-json-0.0.20131108.vaadin1.jar;"/>
    <property name="sun.cpu.endian" value="little"/>
    <property name="user.home" value="C:\Users\usr"/>
    <property name="user.language" value="en"/>
    <property name="java.specification.vendor" value="Oracle Corporation"/>
    <property name="java.version.date" value="2022-04-22"/>
    <property name="java.home" value="C:\Program Files\Java\jdk-18.0.1.1"/>
    <property name="file.separator" value="\"/>
    <property name="basedir" value="D:\Java\code\eclipse_workspace\AptMgrSpring\ApartmentManagerSpring"/>
    <property name="style.color" value="always"/>
    <property name="java.vm.compressedOopsMode" value="Zero based"/>
    <property name="line.separator" value="&#10;"/>
    <property name="java.vm.specification.vendor" value="Oracle Corporation"/>
    <property name="java.specification.name" value="Java Platform API Specification"/>
    <property name="surefire.real.class.path" value="C:\Users\usr\AppData\Local\Temp\surefire17924294567263714533\surefirebooter16039234638939471886.jar"/>
    <property name="user.script" value=""/>
    <property name="sun.management.compiler" value="HotSpot 64-Bit Tiered Compilers"/>
    <property name="java.runtime.version" value="18.0.1.1+2-6"/>
    <property name="user.name" value="usr"/>
    <property name="path.separator" value=";"/>
    <property name="os.version" value="10.0"/>
    <property name="java.runtime.name" value="Java(TM) SE Runtime Environment"/>
    <property name="file.encoding" value="UTF-8"/>
    <property name="java.vm.name" value="Java HotSpot(TM) 64-Bit Server VM"/>
    <property name="localRepository" value="C:\Users\usr\.m2\repository"/>
    <property name="java.vendor.url.bug" value="https://bugreport.java.com/bugreport/"/>
    <property name="java.io.tmpdir" value="C:\Users\usr\AppData\Local\Temp\"/>
    <property name="java.version" value="18.0.1.1"/>
    <property name="user.dir" value="D:\Java\code\eclipse_workspace\AptMgrSpring\ApartmentManagerSpring"/>
    <property name="os.arch" value="amd64"/>
    <property name="java.vm.specification.name" value="Java Virtual Machine Specification"/>
    <property name="sun.os.patch.level" value=""/>
    <property name="native.encoding" value="Cp1252"/>
    <property name="java.library.path" value="C:\Program Files\Java\jdk-18.0.1.1\bin;C:\WINDOWS\Sun\Java\bin;C:\WINDOWS\system32;C:\WINDOWS;C:\Program Files\NVIDIA GPU Computing Toolkit\CUDA\v11.3\bin;C:\Program Files\NVIDIA GPU Computing Toolkit\CUDA\v11.3\libnvvp;C:\Program Files\NVIDIA GPU Computing Toolkit\CUDA\v10.1\bin;C:\Program Files\NVIDIA GPU Computing Toolkit\CUDA\v10.1\libnvvp;C:\Program Files\Common Files\Oracle\Java\javapath;C:\Program Files (x86)\Common Files\Oracle\Java\javapath;C:\WINDOWS\system32;C:\WINDOWS;C:\WINDOWS\System32\Wbem;C:\WINDOWS\System32\WindowsPowerShell\v1.0\;C:\WINDOWS\System32\OpenSSH\;C:\Program Files\PuTTY\;C:\Program Files\NVIDIA Corporation\NVIDIA NvDLISR;C:\Program Files\Git\cmd;C:\Program Files\Graphviz 2.44.1\bin;C:\Program Files (x86)\NVIDIA Corporation\PhysX\Common;C:\Program Files\NVIDIA GPU Computing Toolkit\CUDA\v10.1\extras\CUPTI\libx64;C:\Program Files\NVIDIA GPU Computing Toolkit\CUDA\v10.1\cuda\bin;C:\Program Files\GoogleProtobuf;C:\Program Files\NVIDIA Corporation\Nsight Compute 2021.1.0\;C:\Program Files\NVIDIA GPU Computing Toolkit\CUDA\v11.3\bin;C:\Program Files\NVIDIA GPU Computing Toolkit\CUDA\v11.3\libnvvp;C:\Program Files (x86)\nodejs\;C:\Windows\Microsoft.NET\Framework64\v4.0.30319;C:\Program Files\Microsoft SQL Server\150\Tools\Binn\;C:\Program Files\Microsoft SQL Server\Client SDK\ODBC\170\Tools\Binn\;C:\Program Files (x86)\Microsoft SQL Server\150\Tools\Binn\;C:\Program Files (x86)\Microsoft SQL Server\150\DTS\Binn\;C:\Program Files\Microsoft SQL Server\150\DTS\Binn\;C:\Program Files\Java\jdk-18.0.1.1\bin;C:\Gradle\gradle-7.6\bin;C:\Users\usr\.cargo\bin;C:\Users\usr\AppData\Local\Programs\Python\Python38;C:\Users\usr\AppData\Local\Programs\Python\Python38\Scripts;C:\Users\usr\AppData\Local\Microsoft\WindowsApps;C:\Octave\Octave-5.2.0\mingw64\bin;C:\Users\usr\.dotnet\tools;C:\Users\usr\AppData\Roaming\npm;C:\Program Files\dotnet;D:\Java\IntelliJ IDEA Community Edition 2022.1.3\bin;;C:\Program Files\Java\jdk-18.0.1.1\bin;C:\Users\usr\AppData\Local\GitHubDesktop\bin;."/>
    <property name="java.vm.info" value="mixed mode, sharing"/>
    <property name="java.vendor" value="Oracle Corporation"/>
    <property name="java.vm.version" value="18.0.1.1+2-6"/>
    <property name="sun.io.unicode.encoding" value="UnicodeLittle"/>
    <property name="java.class.version" value="62.0"/>
  </properties>
  <testcase name="testSetAndGetPropertyValues" classname="org.domainname.PropertyTest" time="0.007"/>
  <testcase name="testEmptyConstructorProperty" classname="org.domainname.PropertyTest" time="0"/>
  <testcase name="testMainConstructor" classname="org.domainname.PropertyTest" time="0"/>
  <testcase name="testPropertyValues" classname="org.domainname.PropertyTest" time="0.001"/>
</testsuite>